<?xml version="1.0" encoding="UTF-8"?>
<testsuite xmlns:xsi="http://www.w3.org/2001/XMLSchema-instance" xsi:noNamespaceSchemaLocation="https://maven.apache.org/surefire/maven-surefire-plugin/xsd/surefire-test-report.xsd" version="3.0.2" name="com.smxworld.ecommerce.catalog.CatalogModuleTest" time="2.174" tests="7" errors="0" skipped="0" failures="0">
  <properties>
[...]
</properties>
  <testcase name="shouldUpdateSearchScoreWhenUpdateProductScoreIsCalled" classname="com.smxworld.ecommerce.catalog.CatalogModuleTest" time="0.135">
    <system-out><![CDATA[22:36:19.680 [main] INFO com.tngtech.archunit.core.PluginLoader -- Detected Java version 25.0.2
22:36:20.194 [main] INFO org.springframework.boot.test.context.SpringBootTestContextBootstrapper -- Found @SpringBootConfiguration com.smxworld.ecommerce.SmxECommerceApplication for test class com.smxworld.ecommerce.catalog.CatalogModuleTest

  .   ____          _            __ _ _
 /\\ / ___'_ __ _ _(_)_ __  __ _ \ \ \ \
( ( )\___ | '_ | '_| | '_ \/ _` | \ \ \ \
 \\/  ___)| |_)| | | | | || (_| |  ) ) ) )
  '  |____| .__|_| |_|_| |_\__, | / / / /
 =========|_|==============|___/=/_/_/_/

 :: Spring Boot ::                (v3.4.4)

2026-04-13T22:36:20.264+02:00  INFO 38010 --- [smx-ecommerce] [           main] ustomizerFactory$ModuleContextCustomizer : Bootstrapping @org.springframework.modulith.test.ApplicationModuleTest for Catalog in mode STANDALONE (class com.smxworld.ecommerce.SmxECommerceApplication)…
2026-04-13T22:36:20.265+02:00  INFO 38010 --- [smx-ecommerce] [           main] ustomizerFactory$ModuleContextCustomizer : 
2026-04-13T22:36:20.267+02:00  INFO 38010 --- [smx-ecommerce] [           main] ustomizerFactory$ModuleContextCustomizer : # Catalog
2026-04-13T22:36:20.267+02:00  INFO 38010 --- [smx-ecommerce] [           main] ustomizerFactory$ModuleContextCustomizer : > Logical name: catalog
2026-04-13T22:36:20.267+02:00  INFO 38010 --- [smx-ecommerce] [           main] ustomizerFactory$ModuleContextCustomizer : > Base package: com.smxworld.ecommerce.catalog
2026-04-13T22:36:20.267+02:00  INFO 38010 --- [smx-ecommerce] [           main] ustomizerFactory$ModuleContextCustomizer : > Excluded packages: none
2026-04-13T22:36:20.267+02:00  INFO 38010 --- [smx-ecommerce] [           main] ustomizerFactory$ModuleContextCustomizer : > Direct module dependencies: none
2026-04-13T22:36:20.267+02:00  INFO 38010 --- [smx-ecommerce] [           main] ustomizerFactory$ModuleContextCustomizer : > Spring beans:
2026-04-13T22:36:20.267+02:00  INFO 38010 --- [smx-ecommerce] [           main] ustomizerFactory$ModuleContextCustomizer :   o ….internal.application.CatalogService
2026-04-13T22:36:20.267+02:00  INFO 38010 --- [smx-ecommerce] [           main] ustomizerFactory$ModuleContextCustomizer :   o ….internal.infrastructure.CatalogFlywayConfig
2026-04-13T22:36:20.267+02:00  INFO 38010 --- [smx-ecommerce] [           main] ustomizerFactory$ModuleContextCustomizer :   o ….internal.infrastructure.ProductElasticsearchRepository
2026-04-13T22:36:20.267+02:00  INFO 38010 --- [smx-ecommerce] [           main] ustomizerFactory$ModuleContextCustomizer :   o ….internal.infrastructure.ProductJpaRepository
2026-04-13T22:36:20.267+02:00  INFO 38010 --- [smx-ecommerce] [           main] ustomizerFactory$ModuleContextCustomizer :   o org.flywaydb.core.Flyway
2026-04-13T22:36:20.267+02:00  INFO 38010 --- [smx-ecommerce] [           main] ustomizerFactory$ModuleContextCustomizer : 
2026-04-13T22:36:20.270+02:00  INFO 38010 --- [smx-ecommerce] [           main] c.s.ecommerce.catalog.CatalogModuleTest  : Starting CatalogModuleTest using Java 25.0.2 with PID 38010 (started by roccopiliero in /Users/roccopiliero/codice/smx-ecommerce-sdd/code)
2026-04-13T22:36:20.270+02:00  INFO 38010 --- [smx-ecommerce] [           main] c.s.ecommerce.catalog.CatalogModuleTest  : The following 1 profile is active: "test"
2026-04-13T22:36:20.407+02:00  INFO 38010 --- [smx-ecommerce] [           main] figurationAndEntityScanPackageCustomizer : Re-configuring auto-configuration and entity scan packages to: com.smxworld.ecommerce.catalog.
2026-04-13T22:36:20.435+02:00  INFO 38010 --- [smx-ecommerce] [           main] .s.d.r.c.RepositoryConfigurationDelegate : Multiple Spring Data modules found, entering strict repository configuration mode
2026-04-13T22:36:20.435+02:00  INFO 38010 --- [smx-ecommerce] [           main] .s.d.r.c.RepositoryConfigurationDelegate : Bootstrapping Spring Data Reactive Elasticsearch repositories in DEFAULT mode.
2026-04-13T22:36:20.480+02:00  INFO 38010 --- [smx-ecommerce] [           main] .RepositoryConfigurationExtensionSupport : Spring Data Reactive Elasticsearch - Could not safely identify store assignment for repository candidate interface com.smxworld.ecommerce.catalog.internal.infrastructure.ProductJpaRepository; If you want this repository to be a Reactive Elasticsearch repository, consider annotating your entities with one of these annotations: org.springframework.data.elasticsearch.annotations.Document (preferred), or consider extending one of the following types with your repository: org.springframework.data.elasticsearch.repository.ReactiveElasticsearchRepository
2026-04-13T22:36:20.481+02:00  INFO 38010 --- [smx-ecommerce] [           main] .s.d.r.c.RepositoryConfigurationDelegate : Finished Spring Data repository scanning in 43 ms. Found 0 Reactive Elasticsearch repository interfaces.
2026-04-13T22:36:20.484+02:00  INFO 38010 --- [smx-ecommerce] [           main] .s.d.r.c.RepositoryConfigurationDelegate : Multiple Spring Data modules found, entering strict repository configuration mode
2026-04-13T22:36:20.486+02:00  INFO 38010 --- [smx-ecommerce] [           main] .s.d.r.c.RepositoryConfigurationDelegate : Bootstrapping Spring Data JPA repositories in DEFAULT mode.
2026-04-13T22:36:20.490+02:00  INFO 38010 --- [smx-ecommerce] [           main] .RepositoryConfigurationExtensionSupport : Spring Data JPA - Could not safely identify store assignment for repository candidate interface com.smxworld.ecommerce.catalog.internal.infrastructure.ProductElasticsearchRepository; If you want this repository to be a JPA repository, consider annotating your entities with one of these annotations: jakarta.persistence.Entity, jakarta.persistence.MappedSuperclass (preferred), or consider extending one of the following types with your repository: org.springframework.data.jpa.repository.JpaRepository
2026-04-13T22:36:20.497+02:00  INFO 38010 --- [smx-ecommerce] [           main] .s.d.r.c.RepositoryConfigurationDelegate : Finished Spring Data repository scanning in 8 ms. Found 1 JPA repository interface.
2026-04-13T22:36:20.621+02:00  INFO 38010 --- [smx-ecommerce] [           main] com.zaxxer.hikari.HikariDataSource       : HikariPool-1 - Starting...
2026-04-13T22:36:20.675+02:00  INFO 38010 --- [smx-ecommerce] [           main] com.zaxxer.hikari.pool.HikariPool        : HikariPool-1 - Added connection conn0: url=jdbc:h2:mem:smx-test user=SA
2026-04-13T22:36:20.676+02:00  INFO 38010 --- [smx-ecommerce] [           main] com.zaxxer.hikari.HikariDataSource       : HikariPool-1 - Start completed.
2026-04-13T22:36:20.705+02:00  INFO 38010 --- [smx-ecommerce] [           main] o.hibernate.jpa.internal.util.LogHelper  : HHH000204: Processing PersistenceUnitInfo [name: default]
2026-04-13T22:36:20.716+02:00  INFO 38010 --- [smx-ecommerce] [           main] org.hibernate.Version                    : HHH000412: Hibernate ORM core version 6.6.11.Final
2026-04-13T22:36:20.723+02:00  INFO 38010 --- [smx-ecommerce] [           main] o.h.c.internal.RegionFactoryInitiator    : HHH000026: Second-level cache disabled
2026-04-13T22:36:20.781+02:00  INFO 38010 --- [smx-ecommerce] [           main] o.s.o.j.p.SpringPersistenceUnitInfo      : No LoadTimeWeaver setup: ignoring JPA class transformer
2026-04-13T22:36:20.792+02:00  WARN 38010 --- [smx-ecommerce] [           main] org.hibernate.orm.deprecation            : HHH90000025: H2Dialect does not need to be specified explicitly using 'hibernate.dialect' (remove the property setting and it will be selected by default)
2026-04-13T22:36:20.795+02:00  INFO 38010 --- [smx-ecommerce] [           main] org.hibernate.orm.connections.pooling    : HHH10001005: Database info:
	Database JDBC URL [Connecting through datasource 'HikariDataSource (HikariPool-1)']
	Database driver: undefined/unknown
	Database version: 2.3.232
	Autocommit mode: undefined/unknown
	Isolation level: undefined/unknown
	Minimum pool size: undefined/unknown
	Maximum pool size: undefined/unknown
2026-04-13T22:36:21.004+02:00  INFO 38010 --- [smx-ecommerce] [           main] o.h.e.t.j.p.i.JtaPlatformInitiator       : HHH000489: No JTA platform available (set 'hibernate.transaction.jta.platform' to enable JTA platform integration)
2026-04-13T22:36:21.012+02:00  INFO 38010 --- [smx-ecommerce] [           main] j.LocalContainerEntityManagerFactoryBean : Initialized JPA EntityManagerFactory for persistence unit 'default'
2026-04-13T22:36:21.554+02:00  INFO 38010 --- [smx-ecommerce] [           main] o.s.s.config.TaskSchedulerRouter         : No TaskScheduler/ScheduledExecutorService bean found for scheduled processing
2026-04-13T22:36:21.555+02:00  INFO 38010 --- [smx-ecommerce] [           main] c.s.ecommerce.catalog.CatalogModuleTest  : Started CatalogModuleTest in 1.348 seconds (process running for 2.118)
]]></system-out>
    <system-err><![CDATA[Mockito is currently self-attaching to enable the inline-mock-maker. This will no longer work in future releases of the JDK. Please add Mockito as an agent to your build what is described in Mockito's documentation: https://javadoc.io/doc/org.mockito/mockito-core/latest/org/mockito/Mockito.html#0.3
WARNING: A Java agent has been loaded dynamically (/Users/roccopiliero/.m2/repository/net/bytebuddy/byte-buddy-agent/1.15.11/byte-buddy-agent-1.15.11.jar)
WARNING: If a serviceability tool is in use, please run with -XX:+EnableDynamicAgentLoading to hide this warning
WARNING: If a serviceability tool is not in use, please run with -Djdk.instrument.traceUsage for more information
WARNING: Dynamic loading of agents will be disallowed by default in a future release
]]></system-err>
  </testcase>
  <testcase name="shouldUpdateAverageRatingWhenReviewCreatedEventReceived" classname="com.smxworld.ecommerce.catalog.CatalogModuleTest" time="0.045"/>
  <testcase name="shouldThrowWhenProductNotFound" classname="com.smxworld.ecommerce.catalog.CatalogModuleTest" time="0.004"/>
  <testcase name="shouldComputeIncrementalAverageOverMultipleReviews" classname="com.smxworld.ecommerce.catalog.CatalogModuleTest" time="0.008"/>
  <testcase name="shouldReturnEmptyResultsWhenNoProductsMatchSearchQuery(PublishedEvents)" classname="com.smxworld.ecommerce.catalog.CatalogModuleTest" time="0.007"/>
  <testcase name="shouldReturnProductDetailsWhenProductExists" classname="com.smxworld.ecommerce.catalog.CatalogModuleTest" time="0.004"/>
  <testcase name="shouldPublishSearchPerformedEventWhenSearchIsExecuted(PublishedEvents)" classname="com.smxworld.ecommerce.catalog.CatalogModuleTest" time="0.005"/>
</testsuite>